<component name="libraryTable">
  <library name="junit-4.12">
    <CLASSES>
      <root url="jar://D:/4_code/2_java/JUnit/junit-4.12.jar!/" />
    </CLASSES>
    <JAVADOC />
    <SOURCES />
  </library>
</component>